<?xml version="1.0" encoding="UTF-8"?>
<!-- Generated by org.testng.reporters.JUnitXMLReporter -->
<testsuite hostname="DESKTOP-S8UUUM9" ignored="5" name="test" tests="3" failures="3" timestamp="2020-06-01T16:14:06 EDT" time="1.163" errors="0">
  <testcase name="getCountrys" time="0.022" classname="test.tracking_TrackandHistoryTest">
    <failure type="java.lang.NullPointerException">
      <![CDATA[java.lang.NullPointerException
at model.trackingPageModel.Tracking01(trackingPageModel.java:26)
at Action.trackingPageAction.getTracking001(trackingPageAction.java:22)
at test.tracking_TrackandHistoryTest.getCountrys(tracking_TrackandHistoryTest.java:15)
at java.util.ArrayList.forEach(Unknown Source)
... Removed 27 stack frames]]>
    </failure>
  </testcase> <!-- getCountrys -->
  <testcase name="allLinksTest" time="0.005" classname="test.tracking_ChangeDeliveryTest">
    <failure type="java.lang.NullPointerException">
      <![CDATA[java.lang.NullPointerException
at model.ChangeDeliveryModel.Tracking(ChangeDeliveryModel.java:29)
at Action.ChangeDeliveryAction.navigateToPage(ChangeDeliveryAction.java:23)
at test.tracking_ChangeDeliveryTest.allLinksTest(tracking_ChangeDeliveryTest.java:15)
at java.util.ArrayList.forEach(Unknown Source)
... Removed 27 stack frames]]>
    </failure>
  </testcase> <!-- allLinksTest -->
  <testcase name="loginTest" time="1.004" classname="test.loginPageTest">
    <failure type="java.lang.NullPointerException">
      <![CDATA[java.lang.NullPointerException
at model.loginPageModel.loginButton(loginPageModel.java:22)
at Action.loginPageAction.getLogin(loginPageAction.java:19)
at test.loginPageTest.loginTest(loginPageTest.java:13)
at java.util.ArrayList.forEach(Unknown Source)
... Removed 27 stack frames]]>
    </failure>
  </testcase> <!-- loginTest -->
  <testcase name="assertCallUs" time="0.0" classname="test.tracking_ChangeDeliveryTest">
    <ignored/>
  </testcase> <!-- assertCallUs -->
  <testcase name="getFreight01" time="0.0" classname="test.tracking_TrackandHistoryTest">
    <ignored/>
  </testcase> <!-- getFreight01 -->
  <testcase name="assertEmailLinkPage" time="0.0" classname="test.tracking_ChangeDeliveryTest">
    <ignored/>
  </testcase> <!-- assertEmailLinkPage -->
  <testcase name="assertClaimsDbord" time="0.0" classname="test.tracking_ChangeDeliveryTest">
    <ignored/>
  </testcase> <!-- assertClaimsDbord -->
  <testcase name="assertSelectAllCnt" time="0.0" classname="test.tracking_ChangeDeliveryTest">
    <ignored/>
  </testcase> <!-- assertSelectAllCnt -->
</testsuite> <!-- test -->
